{"/Users/dhardy/Projects/npm/2021/nestjs-jsforce/lib/client.ts": {"path":"/Users/dhardy/Projects/npm/2021/nestjs-jsforce/lib/client.ts","statementMap":{"0":{"start":{"line":2,"column":16},"end":{"line":10,"column":1}},"1":{"start":{"line":3,"column":28},"end":{"line":3,"column":110}},"2":{"start":{"line":3,"column":91},"end":{"line":3,"column":106}},"3":{"start":{"line":4,"column":4},"end":{"line":9,"column":7}},"4":{"start":{"line":5,"column":36},"end":{"line":5,"column":97}},"5":{"start":{"line":5,"column":42},"end":{"line":5,"column":70}},"6":{"start":{"line":5,"column":85},"end":{"line":5,"column":95}},"7":{"start":{"line":6,"column":35},"end":{"line":6,"column":100}},"8":{"start":{"line":6,"column":41},"end":{"line":6,"column":73}},"9":{"start":{"line":6,"column":88},"end":{"line":6,"column":98}},"10":{"start":{"line":7,"column":32},"end":{"line":7,"column":116}},"11":{"start":{"line":8,"column":8},"end":{"line":8,"column":78}},"12":{"start":{"line":11,"column":0},"end":{"line":11,"column":62}},"13":{"start":{"line":12,"column":0},"end":{"line":12,"column":24}},"14":{"start":{"line":13,"column":18},"end":{"line":13,"column":36}},"15":{"start":{"line":16,"column":8},"end":{"line":16,"column":61}},"16":{"start":{"line":17,"column":8},"end":{"line":17,"column":97}},"17":{"start":{"line":20,"column":8},"end":{"line":27,"column":11}},"18":{"start":{"line":21,"column":12},"end":{"line":23,"column":13}},"19":{"start":{"line":22,"column":16},"end":{"line":22,"column":43}},"20":{"start":{"line":24,"column":12},"end":{"line":26,"column":15}},"21":{"start":{"line":25,"column":16},"end":{"line":25,"column":27}},"22":{"start":{"line":30,"column":8},"end":{"line":32,"column":11}},"23":{"start":{"line":31,"column":12},"end":{"line":31,"column":44}},"24":{"start":{"line":35,"column":0},"end":{"line":35,"column":24}}},"fnMap":{"0":{"name":"(anonymous_0)","decl":{"start":{"line":2,"column":44},"end":{"line":2,"column":45}},"loc":{"start":{"line":2,"column":89},"end":{"line":10,"column":1}},"line":2},"1":{"name":"adopt","decl":{"start":{"line":3,"column":13},"end":{"line":3,"column":18}},"loc":{"start":{"line":3,"column":26},"end":{"line":3,"column":112}},"line":3},"2":{"name":"(anonymous_2)","decl":{"start":{"line":3,"column":70},"end":{"line":3,"column":71}},"loc":{"start":{"line":3,"column":89},"end":{"line":3,"column":108}},"line":3},"3":{"name":"(anonymous_3)","decl":{"start":{"line":4,"column":36},"end":{"line":4,"column":37}},"loc":{"start":{"line":4,"column":63},"end":{"line":9,"column":5}},"line":4},"4":{"name":"fulfilled","decl":{"start":{"line":5,"column":17},"end":{"line":5,"column":26}},"loc":{"start":{"line":5,"column":34},"end":{"line":5,"column":99}},"line":5},"5":{"name":"rejected","decl":{"start":{"line":6,"column":17},"end":{"line":6,"column":25}},"loc":{"start":{"line":6,"column":33},"end":{"line":6,"column":102}},"line":6},"6":{"name":"step","decl":{"start":{"line":7,"column":17},"end":{"line":7,"column":21}},"loc":{"start":{"line":7,"column":30},"end":{"line":7,"column":118}},"line":7},"7":{"name":"(anonymous_7)","decl":{"start":{"line":15,"column":4},"end":{"line":15,"column":5}},"loc":{"start":{"line":15,"column":24},"end":{"line":18,"column":5}},"line":15},"8":{"name":"(anonymous_8)","decl":{"start":{"line":19,"column":4},"end":{"line":19,"column":5}},"loc":{"start":{"line":19,"column":55},"end":{"line":28,"column":5}},"line":19},"9":{"name":"(anonymous_9)","decl":{"start":{"line":20,"column":47},"end":{"line":20,"column":48}},"loc":{"start":{"line":20,"column":60},"end":{"line":27,"column":9}},"line":20},"10":{"name":"(anonymous_10)","decl":{"start":{"line":24,"column":60},"end":{"line":24,"column":61}},"loc":{"start":{"line":24,"column":69},"end":{"line":26,"column":13}},"line":24},"11":{"name":"(anonymous_11)","decl":{"start":{"line":29,"column":4},"end":{"line":29,"column":5}},"loc":{"start":{"line":29,"column":29},"end":{"line":33,"column":5}},"line":29},"12":{"name":"(anonymous_12)","decl":{"start":{"line":30,"column":47},"end":{"line":30,"column":48}},"loc":{"start":{"line":30,"column":60},"end":{"line":32,"column":9}},"line":30}},"branchMap":{"0":{"loc":{"start":{"line":2,"column":16},"end":{"line":10,"column":1}},"type":"binary-expr","locations":[{"start":{"line":2,"column":17},"end":{"line":2,"column":21}},{"start":{"line":2,"column":25},"end":{"line":2,"column":39}},{"start":{"line":2,"column":44},"end":{"line":10,"column":1}}],"line":2},"1":{"loc":{"start":{"line":3,"column":35},"end":{"line":3,"column":109}},"type":"cond-expr","locations":[{"start":{"line":3,"column":56},"end":{"line":3,"column":61}},{"start":{"line":3,"column":64},"end":{"line":3,"column":109}}],"line":3},"2":{"loc":{"start":{"line":4,"column":16},"end":{"line":4,"column":34}},"type":"binary-expr","locations":[{"start":{"line":4,"column":16},"end":{"line":4,"column":17}},{"start":{"line":4,"column":22},"end":{"line":4,"column":33}}],"line":4},"3":{"loc":{"start":{"line":7,"column":32},"end":{"line":7,"column":115}},"type":"cond-expr","locations":[{"start":{"line":7,"column":46},"end":{"line":7,"column":67}},{"start":{"line":7,"column":70},"end":{"line":7,"column":115}}],"line":7},"4":{"loc":{"start":{"line":8,"column":51},"end":{"line":8,"column":67}},"type":"binary-expr","locations":[{"start":{"line":8,"column":51},"end":{"line":8,"column":61}},{"start":{"line":8,"column":65},"end":{"line":8,"column":67}}],"line":8},"5":{"loc":{"start":{"line":21,"column":12},"end":{"line":23,"column":13}},"type":"if","locations":[{"start":{"line":21,"column":12},"end":{"line":23,"column":13}},{"start":{},"end":{}}],"line":21}},"s":{"0":2,"1":6,"2":6,"3":6,"4":2,"5":2,"6":0,"7":0,"8":0,"9":0,"10":8,"11":6,"12":2,"13":2,"14":2,"15":6,"16":6,"17":6,"18":6,"19":1,"20":6,"21":1,"22":0,"23":0,"24":2},"f":{"0":6,"1":6,"2":6,"3":6,"4":2,"5":0,"6":8,"7":6,"8":6,"9":6,"10":1,"11":0,"12":0},"b":{"0":[2,2,2],"1":[0,6],"2":[6,6],"3":[2,6],"4":[6,6],"5":[1,5]},"inputSourceMap":null,"_coverageSchema":"1a1c01bbd47fc00a2c39e90264f33305004495a9","hash":"7f71da8d49c3fa0c62a89b00cacbfca2ae57d64a"}
,"/Users/dhardy/Projects/npm/2021/nestjs-jsforce/lib/jsforce-core.module.ts": {"path":"/Users/dhardy/Projects/npm/2021/nestjs-jsforce/lib/jsforce-core.module.ts","statementMap":{"0":{"start":{"line":2,"column":17},"end":{"line":7,"column":1}},"1":{"start":{"line":3,"column":12},"end":{"line":3,"column":28}},"2":{"start":{"line":3,"column":34},"end":{"line":3,"column":125}},"3":{"start":{"line":4,"column":4},"end":{"line":5,"column":150}},"4":{"start":{"line":4,"column":79},"end":{"line":4,"column":131}},"5":{"start":{"line":5,"column":9},"end":{"line":5,"column":150}},"6":{"start":{"line":5,"column":22},"end":{"line":5,"column":43}},"7":{"start":{"line":5,"column":58},"end":{"line":5,"column":150}},"8":{"start":{"line":5,"column":81},"end":{"line":5,"column":150}},"9":{"start":{"line":6,"column":4},"end":{"line":6,"column":66}},"10":{"start":{"line":8,"column":16},"end":{"line":16,"column":1}},"11":{"start":{"line":9,"column":28},"end":{"line":9,"column":110}},"12":{"start":{"line":9,"column":91},"end":{"line":9,"column":106}},"13":{"start":{"line":10,"column":4},"end":{"line":15,"column":7}},"14":{"start":{"line":11,"column":36},"end":{"line":11,"column":97}},"15":{"start":{"line":11,"column":42},"end":{"line":11,"column":70}},"16":{"start":{"line":11,"column":85},"end":{"line":11,"column":95}},"17":{"start":{"line":12,"column":35},"end":{"line":12,"column":100}},"18":{"start":{"line":12,"column":41},"end":{"line":12,"column":73}},"19":{"start":{"line":12,"column":88},"end":{"line":12,"column":98}},"20":{"start":{"line":13,"column":32},"end":{"line":13,"column":116}},"21":{"start":{"line":14,"column":8},"end":{"line":14,"column":78}},"22":{"start":{"line":18,"column":0},"end":{"line":18,"column":62}},"23":{"start":{"line":19,"column":0},"end":{"line":19,"column":35}},"24":{"start":{"line":20,"column":17},"end":{"line":20,"column":42}},"25":{"start":{"line":21,"column":20},"end":{"line":21,"column":42}},"26":{"start":{"line":22,"column":17},"end":{"line":22,"column":36}},"27":{"start":{"line":23,"column":24},"end":{"line":75,"column":1}},"28":{"start":{"line":25,"column":25},"end":{"line":25,"column":73}},"29":{"start":{"line":26,"column":8},"end":{"line":30,"column":10}},"30":{"start":{"line":33,"column":25},"end":{"line":37,"column":9}},"31":{"start":{"line":36,"column":37},"end":{"line":36,"column":79}},"32":{"start":{"line":38,"column":8},"end":{"line":43,"column":10}},"33":{"start":{"line":46,"column":8},"end":{"line":48,"column":9}},"34":{"start":{"line":47,"column":12},"end":{"line":47,"column":62}},"35":{"start":{"line":49,"column":25},"end":{"line":49,"column":41}},"36":{"start":{"line":50,"column":8},"end":{"line":56,"column":10}},"37":{"start":{"line":59,"column":8},"end":{"line":65,"column":9}},"38":{"start":{"line":60,"column":12},"end":{"line":64,"column":14}},"39":{"start":{"line":66,"column":23},"end":{"line":68,"column":9}},"40":{"start":{"line":69,"column":8},"end":{"line":73,"column":10}},"41":{"start":{"line":71,"column":44},"end":{"line":71,"column":145}},"42":{"start":{"line":71,"column":91},"end":{"line":71,"column":142}},"43":{"start":{"line":76,"column":0},"end":{"line":79,"column":22}},"44":{"start":{"line":80,"column":0},"end":{"line":80,"column":46}}},"fnMap":{"0":{"name":"(anonymous_0)","decl":{"start":{"line":2,"column":46},"end":{"line":2,"column":47}},"loc":{"start":{"line":2,"column":87},"end":{"line":7,"column":1}},"line":2},"1":{"name":"(anonymous_1)","decl":{"start":{"line":8,"column":44},"end":{"line":8,"column":45}},"loc":{"start":{"line":8,"column":89},"end":{"line":16,"column":1}},"line":8},"2":{"name":"adopt","decl":{"start":{"line":9,"column":13},"end":{"line":9,"column":18}},"loc":{"start":{"line":9,"column":26},"end":{"line":9,"column":112}},"line":9},"3":{"name":"(anonymous_3)","decl":{"start":{"line":9,"column":70},"end":{"line":9,"column":71}},"loc":{"start":{"line":9,"column":89},"end":{"line":9,"column":108}},"line":9},"4":{"name":"(anonymous_4)","decl":{"start":{"line":10,"column":36},"end":{"line":10,"column":37}},"loc":{"start":{"line":10,"column":63},"end":{"line":15,"column":5}},"line":10},"5":{"name":"fulfilled","decl":{"start":{"line":11,"column":17},"end":{"line":11,"column":26}},"loc":{"start":{"line":11,"column":34},"end":{"line":11,"column":99}},"line":11},"6":{"name":"rejected","decl":{"start":{"line":12,"column":17},"end":{"line":12,"column":25}},"loc":{"start":{"line":12,"column":33},"end":{"line":12,"column":102}},"line":12},"7":{"name":"step","decl":{"start":{"line":13,"column":17},"end":{"line":13,"column":21}},"loc":{"start":{"line":13,"column":30},"end":{"line":13,"column":118}},"line":13},"8":{"name":"(anonymous_8)","decl":{"start":{"line":24,"column":4},"end":{"line":24,"column":5}},"loc":{"start":{"line":24,"column":28},"end":{"line":31,"column":5}},"line":24},"9":{"name":"(anonymous_9)","decl":{"start":{"line":32,"column":4},"end":{"line":32,"column":5}},"loc":{"start":{"line":32,"column":33},"end":{"line":44,"column":5}},"line":32},"10":{"name":"(anonymous_10)","decl":{"start":{"line":36,"column":24},"end":{"line":36,"column":25}},"loc":{"start":{"line":36,"column":37},"end":{"line":36,"column":79}},"line":36},"11":{"name":"(anonymous_11)","decl":{"start":{"line":45,"column":4},"end":{"line":45,"column":5}},"loc":{"start":{"line":45,"column":41},"end":{"line":57,"column":5}},"line":45},"12":{"name":"(anonymous_12)","decl":{"start":{"line":58,"column":4},"end":{"line":58,"column":5}},"loc":{"start":{"line":58,"column":47},"end":{"line":74,"column":5}},"line":58},"13":{"name":"(anonymous_13)","decl":{"start":{"line":71,"column":24},"end":{"line":71,"column":25}},"loc":{"start":{"line":71,"column":44},"end":{"line":71,"column":145}},"line":71},"14":{"name":"(anonymous_14)","decl":{"start":{"line":71,"column":76},"end":{"line":71,"column":77}},"loc":{"start":{"line":71,"column":89},"end":{"line":71,"column":144}},"line":71}},"branchMap":{"0":{"loc":{"start":{"line":2,"column":17},"end":{"line":7,"column":1}},"type":"binary-expr","locations":[{"start":{"line":2,"column":18},"end":{"line":2,"column":22}},{"start":{"line":2,"column":26},"end":{"line":2,"column":41}},{"start":{"line":2,"column":46},"end":{"line":7,"column":1}}],"line":2},"1":{"loc":{"start":{"line":3,"column":34},"end":{"line":3,"column":125}},"type":"cond-expr","locations":[{"start":{"line":3,"column":42},"end":{"line":3,"column":48}},{"start":{"line":3,"column":51},"end":{"line":3,"column":125}}],"line":3},"2":{"loc":{"start":{"line":3,"column":51},"end":{"line":3,"column":125}},"type":"cond-expr","locations":[{"start":{"line":3,"column":67},"end":{"line":3,"column":118}},{"start":{"line":3,"column":121},"end":{"line":3,"column":125}}],"line":3},"3":{"loc":{"start":{"line":4,"column":4},"end":{"line":5,"column":150}},"type":"if","locations":[{"start":{"line":4,"column":4},"end":{"line":5,"column":150}},{"start":{"line":5,"column":9},"end":{"line":5,"column":150}}],"line":4},"4":{"loc":{"start":{"line":4,"column":8},"end":{"line":4,"column":77}},"type":"binary-expr","locations":[{"start":{"line":4,"column":8},"end":{"line":4,"column":35}},{"start":{"line":4,"column":39},"end":{"line":4,"column":77}}],"line":4},"5":{"loc":{"start":{"line":5,"column":58},"end":{"line":5,"column":150}},"type":"if","locations":[{"start":{"line":5,"column":58},"end":{"line":5,"column":150}},{"start":{},"end":{}}],"line":5},"6":{"loc":{"start":{"line":5,"column":85},"end":{"line":5,"column":149}},"type":"binary-expr","locations":[{"start":{"line":5,"column":86},"end":{"line":5,"column":143}},{"start":{"line":5,"column":148},"end":{"line":5,"column":149}}],"line":5},"7":{"loc":{"start":{"line":5,"column":86},"end":{"line":5,"column":143}},"type":"cond-expr","locations":[{"start":{"line":5,"column":94},"end":{"line":5,"column":98}},{"start":{"line":5,"column":101},"end":{"line":5,"column":143}}],"line":5},"8":{"loc":{"start":{"line":5,"column":101},"end":{"line":5,"column":143}},"type":"cond-expr","locations":[{"start":{"line":5,"column":109},"end":{"line":5,"column":126}},{"start":{"line":5,"column":129},"end":{"line":5,"column":143}}],"line":5},"9":{"loc":{"start":{"line":6,"column":11},"end":{"line":6,"column":62}},"type":"binary-expr","locations":[{"start":{"line":6,"column":11},"end":{"line":6,"column":16}},{"start":{"line":6,"column":20},"end":{"line":6,"column":21}},{"start":{"line":6,"column":25},"end":{"line":6,"column":62}}],"line":6},"10":{"loc":{"start":{"line":8,"column":16},"end":{"line":16,"column":1}},"type":"binary-expr","locations":[{"start":{"line":8,"column":17},"end":{"line":8,"column":21}},{"start":{"line":8,"column":25},"end":{"line":8,"column":39}},{"start":{"line":8,"column":44},"end":{"line":16,"column":1}}],"line":8},"11":{"loc":{"start":{"line":9,"column":35},"end":{"line":9,"column":109}},"type":"cond-expr","locations":[{"start":{"line":9,"column":56},"end":{"line":9,"column":61}},{"start":{"line":9,"column":64},"end":{"line":9,"column":109}}],"line":9},"12":{"loc":{"start":{"line":10,"column":16},"end":{"line":10,"column":34}},"type":"binary-expr","locations":[{"start":{"line":10,"column":16},"end":{"line":10,"column":17}},{"start":{"line":10,"column":22},"end":{"line":10,"column":33}}],"line":10},"13":{"loc":{"start":{"line":13,"column":32},"end":{"line":13,"column":115}},"type":"cond-expr","locations":[{"start":{"line":13,"column":46},"end":{"line":13,"column":67}},{"start":{"line":13,"column":70},"end":{"line":13,"column":115}}],"line":13},"14":{"loc":{"start":{"line":14,"column":51},"end":{"line":14,"column":67}},"type":"binary-expr","locations":[{"start":{"line":14,"column":51},"end":{"line":14,"column":61}},{"start":{"line":14,"column":65},"end":{"line":14,"column":67}}],"line":14},"15":{"loc":{"start":{"line":46,"column":8},"end":{"line":48,"column":9}},"type":"if","locations":[{"start":{"line":46,"column":8},"end":{"line":48,"column":9}},{"start":{},"end":{}}],"line":46},"16":{"loc":{"start":{"line":46,"column":12},"end":{"line":46,"column":53}},"type":"binary-expr","locations":[{"start":{"line":46,"column":12},"end":{"line":46,"column":31}},{"start":{"line":46,"column":35},"end":{"line":46,"column":53}}],"line":46},"17":{"loc":{"start":{"line":59,"column":8},"end":{"line":65,"column":9}},"type":"if","locations":[{"start":{"line":59,"column":8},"end":{"line":65,"column":9}},{"start":{},"end":{}}],"line":59},"18":{"loc":{"start":{"line":61,"column":24},"end":{"line":61,"column":44}},"type":"binary-expr","locations":[{"start":{"line":61,"column":24},"end":{"line":61,"column":38}},{"start":{"line":61,"column":42},"end":{"line":61,"column":44}}],"line":61},"19":{"loc":{"start":{"line":67,"column":13},"end":{"line":67,"column":52}},"type":"binary-expr","locations":[{"start":{"line":67,"column":13},"end":{"line":67,"column":29}},{"start":{"line":67,"column":33},"end":{"line":67,"column":52}}],"line":67}},"s":{"0":1,"1":1,"2":1,"3":1,"4":1,"5":0,"6":0,"7":0,"8":0,"9":1,"10":1,"11":1,"12":1,"13":1,"14":1,"15":1,"16":0,"17":0,"18":0,"19":0,"20":2,"21":1,"22":1,"23":1,"24":1,"25":1,"26":1,"27":1,"28":2,"29":2,"30":3,"31":2,"32":3,"33":3,"34":2,"35":1,"36":1,"37":3,"38":2,"39":1,"40":1,"41":1,"42":1,"43":1,"44":1},"f":{"0":1,"1":1,"2":1,"3":1,"4":1,"5":1,"6":0,"7":2,"8":2,"9":3,"10":2,"11":3,"12":3,"13":1,"14":1},"b":{"0":[1,1,1],"1":[1,0],"2":[0,0],"3":[1,0],"4":[1,1],"5":[0,0],"6":[0,0],"7":[0,0],"8":[0,0],"9":[1,0,0],"10":[1,1,1],"11":[0,1],"12":[1,1],"13":[1,1],"14":[1,1],"15":[2,1],"16":[3,3],"17":[2,1],"18":[2,2],"19":[1,0]},"inputSourceMap":null,"_coverageSchema":"1a1c01bbd47fc00a2c39e90264f33305004495a9","hash":"9f4b923f369f87f551bf295090681e40aafb2f42"}
,"/Users/dhardy/Projects/npm/2021/nestjs-jsforce/lib/jsforce.module.ts": {"path":"/Users/dhardy/Projects/npm/2021/nestjs-jsforce/lib/jsforce.module.ts","statementMap":{"0":{"start":{"line":2,"column":17},"end":{"line":7,"column":1}},"1":{"start":{"line":3,"column":12},"end":{"line":3,"column":28}},"2":{"start":{"line":3,"column":34},"end":{"line":3,"column":125}},"3":{"start":{"line":4,"column":4},"end":{"line":5,"column":150}},"4":{"start":{"line":4,"column":79},"end":{"line":4,"column":131}},"5":{"start":{"line":5,"column":9},"end":{"line":5,"column":150}},"6":{"start":{"line":5,"column":22},"end":{"line":5,"column":43}},"7":{"start":{"line":5,"column":58},"end":{"line":5,"column":150}},"8":{"start":{"line":5,"column":81},"end":{"line":5,"column":150}},"9":{"start":{"line":6,"column":4},"end":{"line":6,"column":66}},"10":{"start":{"line":9,"column":0},"end":{"line":9,"column":62}},"11":{"start":{"line":10,"column":0},"end":{"line":10,"column":31}},"12":{"start":{"line":11,"column":17},"end":{"line":11,"column":42}},"13":{"start":{"line":12,"column":30},"end":{"line":12,"column":62}},"14":{"start":{"line":13,"column":20},"end":{"line":26,"column":1}},"15":{"start":{"line":15,"column":8},"end":{"line":18,"column":10}},"16":{"start":{"line":21,"column":8},"end":{"line":24,"column":10}},"17":{"start":{"line":27,"column":0},"end":{"line":29,"column":18}},"18":{"start":{"line":30,"column":0},"end":{"line":30,"column":38}}},"fnMap":{"0":{"name":"(anonymous_0)","decl":{"start":{"line":2,"column":46},"end":{"line":2,"column":47}},"loc":{"start":{"line":2,"column":87},"end":{"line":7,"column":1}},"line":2},"1":{"name":"(anonymous_1)","decl":{"start":{"line":14,"column":4},"end":{"line":14,"column":5}},"loc":{"start":{"line":14,"column":28},"end":{"line":19,"column":5}},"line":14},"2":{"name":"(anonymous_2)","decl":{"start":{"line":20,"column":4},"end":{"line":20,"column":5}},"loc":{"start":{"line":20,"column":33},"end":{"line":25,"column":5}},"line":20}},"branchMap":{"0":{"loc":{"start":{"line":2,"column":17},"end":{"line":7,"column":1}},"type":"binary-expr","locations":[{"start":{"line":2,"column":18},"end":{"line":2,"column":22}},{"start":{"line":2,"column":26},"end":{"line":2,"column":41}},{"start":{"line":2,"column":46},"end":{"line":7,"column":1}}],"line":2},"1":{"loc":{"start":{"line":3,"column":34},"end":{"line":3,"column":125}},"type":"cond-expr","locations":[{"start":{"line":3,"column":42},"end":{"line":3,"column":48}},{"start":{"line":3,"column":51},"end":{"line":3,"column":125}}],"line":3},"2":{"loc":{"start":{"line":3,"column":51},"end":{"line":3,"column":125}},"type":"cond-expr","locations":[{"start":{"line":3,"column":67},"end":{"line":3,"column":118}},{"start":{"line":3,"column":121},"end":{"line":3,"column":125}}],"line":3},"3":{"loc":{"start":{"line":4,"column":4},"end":{"line":5,"column":150}},"type":"if","locations":[{"start":{"line":4,"column":4},"end":{"line":5,"column":150}},{"start":{"line":5,"column":9},"end":{"line":5,"column":150}}],"line":4},"4":{"loc":{"start":{"line":4,"column":8},"end":{"line":4,"column":77}},"type":"binary-expr","locations":[{"start":{"line":4,"column":8},"end":{"line":4,"column":35}},{"start":{"line":4,"column":39},"end":{"line":4,"column":77}}],"line":4},"5":{"loc":{"start":{"line":5,"column":58},"end":{"line":5,"column":150}},"type":"if","locations":[{"start":{"line":5,"column":58},"end":{"line":5,"column":150}},{"start":{},"end":{}}],"line":5},"6":{"loc":{"start":{"line":5,"column":85},"end":{"line":5,"column":149}},"type":"binary-expr","locations":[{"start":{"line":5,"column":86},"end":{"line":5,"column":143}},{"start":{"line":5,"column":148},"end":{"line":5,"column":149}}],"line":5},"7":{"loc":{"start":{"line":5,"column":86},"end":{"line":5,"column":143}},"type":"cond-expr","locations":[{"start":{"line":5,"column":94},"end":{"line":5,"column":98}},{"start":{"line":5,"column":101},"end":{"line":5,"column":143}}],"line":5},"8":{"loc":{"start":{"line":5,"column":101},"end":{"line":5,"column":143}},"type":"cond-expr","locations":[{"start":{"line":5,"column":109},"end":{"line":5,"column":126}},{"start":{"line":5,"column":129},"end":{"line":5,"column":143}}],"line":5},"9":{"loc":{"start":{"line":6,"column":11},"end":{"line":6,"column":62}},"type":"binary-expr","locations":[{"start":{"line":6,"column":11},"end":{"line":6,"column":16}},{"start":{"line":6,"column":20},"end":{"line":6,"column":21}},{"start":{"line":6,"column":25},"end":{"line":6,"column":62}}],"line":6}},"s":{"0":1,"1":1,"2":1,"3":1,"4":1,"5":0,"6":0,"7":0,"8":0,"9":1,"10":1,"11":1,"12":1,"13":1,"14":1,"15":2,"16":3,"17":1,"18":1},"f":{"0":1,"1":2,"2":3},"b":{"0":[1,1,1],"1":[1,0],"2":[0,0],"3":[1,0],"4":[1,1],"5":[0,0],"6":[0,0],"7":[0,0],"8":[0,0],"9":[1,0,0]},"inputSourceMap":null,"_coverageSchema":"1a1c01bbd47fc00a2c39e90264f33305004495a9","hash":"cacba8c247c7d4cc522700cb814506ccf8a574a8"}
,"/Users/dhardy/Projects/npm/2021/nestjs-jsforce/lib/common/index.ts": {"path":"/Users/dhardy/Projects/npm/2021/nestjs-jsforce/lib/common/index.ts","statementMap":{"0":{"start":{"line":2,"column":22},"end":{"line":8,"column":3}},"1":{"start":{"line":3,"column":4},"end":{"line":3,"column":33}},"2":{"start":{"line":3,"column":26},"end":{"line":3,"column":33}},"3":{"start":{"line":4,"column":4},"end":{"line":4,"column":89}},"4":{"start":{"line":4,"column":71},"end":{"line":4,"column":83}},"5":{"start":{"line":6,"column":4},"end":{"line":6,"column":33}},"6":{"start":{"line":6,"column":26},"end":{"line":6,"column":33}},"7":{"start":{"line":7,"column":4},"end":{"line":7,"column":17}},"8":{"start":{"line":9,"column":19},"end":{"line":11,"column":1}},"9":{"start":{"line":10,"column":4},"end":{"line":10,"column":126}},"10":{"start":{"line":10,"column":21},"end":{"line":10,"column":126}},"11":{"start":{"line":10,"column":95},"end":{"line":10,"column":126}},"12":{"start":{"line":12,"column":0},"end":{"line":12,"column":62}},"13":{"start":{"line":13,"column":0},"end":{"line":13,"column":53}},"14":{"start":{"line":14,"column":0},"end":{"line":14,"column":54}},"15":{"start":{"line":15,"column":0},"end":{"line":15,"column":49}}},"fnMap":{"0":{"name":"(anonymous_0)","decl":{"start":{"line":2,"column":74},"end":{"line":2,"column":75}},"loc":{"start":{"line":2,"column":96},"end":{"line":5,"column":1}},"line":2},"1":{"name":"(anonymous_1)","decl":{"start":{"line":4,"column":58},"end":{"line":4,"column":59}},"loc":{"start":{"line":4,"column":69},"end":{"line":4,"column":85}},"line":4},"2":{"name":"(anonymous_2)","decl":{"start":{"line":5,"column":6},"end":{"line":5,"column":7}},"loc":{"start":{"line":5,"column":28},"end":{"line":8,"column":1}},"line":5},"3":{"name":"(anonymous_3)","decl":{"start":{"line":9,"column":50},"end":{"line":9,"column":51}},"loc":{"start":{"line":9,"column":71},"end":{"line":11,"column":1}},"line":9}},"branchMap":{"0":{"loc":{"start":{"line":2,"column":22},"end":{"line":8,"column":3}},"type":"binary-expr","locations":[{"start":{"line":2,"column":23},"end":{"line":2,"column":27}},{"start":{"line":2,"column":31},"end":{"line":2,"column":51}},{"start":{"line":2,"column":57},"end":{"line":8,"column":2}}],"line":2},"1":{"loc":{"start":{"line":2,"column":57},"end":{"line":8,"column":2}},"type":"cond-expr","locations":[{"start":{"line":2,"column":74},"end":{"line":5,"column":1}},{"start":{"line":5,"column":6},"end":{"line":8,"column":1}}],"line":2},"2":{"loc":{"start":{"line":3,"column":4},"end":{"line":3,"column":33}},"type":"if","locations":[{"start":{"line":3,"column":4},"end":{"line":3,"column":33}},{"start":{},"end":{}}],"line":3},"3":{"loc":{"start":{"line":6,"column":4},"end":{"line":6,"column":33}},"type":"if","locations":[{"start":{"line":6,"column":4},"end":{"line":6,"column":33}},{"start":{},"end":{}}],"line":6},"4":{"loc":{"start":{"line":9,"column":19},"end":{"line":11,"column":1}},"type":"binary-expr","locations":[{"start":{"line":9,"column":20},"end":{"line":9,"column":24}},{"start":{"line":9,"column":28},"end":{"line":9,"column":45}},{"start":{"line":9,"column":50},"end":{"line":11,"column":1}}],"line":9},"5":{"loc":{"start":{"line":10,"column":21},"end":{"line":10,"column":126}},"type":"if","locations":[{"start":{"line":10,"column":21},"end":{"line":10,"column":126}},{"start":{},"end":{}}],"line":10},"6":{"loc":{"start":{"line":10,"column":25},"end":{"line":10,"column":93}},"type":"binary-expr","locations":[{"start":{"line":10,"column":25},"end":{"line":10,"column":40}},{"start":{"line":10,"column":44},"end":{"line":10,"column":93}}],"line":10}},"s":{"0":1,"1":4,"2":4,"3":4,"4":18,"5":0,"6":0,"7":0,"8":1,"9":3,"10":4,"11":4,"12":1,"13":1,"14":1,"15":1},"f":{"0":4,"1":18,"2":0,"3":3},"b":{"0":[1,1,1],"1":[1,0],"2":[4,0],"3":[0,0],"4":[1,1,1],"5":[4,0],"6":[4,4]},"inputSourceMap":null,"_coverageSchema":"1a1c01bbd47fc00a2c39e90264f33305004495a9","hash":"d7249f7a5380e1a19ac66c7f2a7e03d9bb5a7044"}
,"/Users/dhardy/Projects/npm/2021/nestjs-jsforce/lib/common/jsforce.contants.ts": {"path":"/Users/dhardy/Projects/npm/2021/nestjs-jsforce/lib/common/jsforce.contants.ts","statementMap":{"0":{"start":{"line":2,"column":0},"end":{"line":2,"column":62}},"1":{"start":{"line":3,"column":0},"end":{"line":3,"column":64}},"2":{"start":{"line":4,"column":0},"end":{"line":4,"column":56}},"3":{"start":{"line":5,"column":0},"end":{"line":5,"column":39}}},"fnMap":{},"branchMap":{},"s":{"0":1,"1":1,"2":1,"3":1},"f":{},"b":{},"inputSourceMap":null,"_coverageSchema":"1a1c01bbd47fc00a2c39e90264f33305004495a9","hash":"519f0adfdcb70f6f7f82bed15e9559db54fdce8e"}
,"/Users/dhardy/Projects/npm/2021/nestjs-jsforce/lib/common/jsforce.decorator.ts": {"path":"/Users/dhardy/Projects/npm/2021/nestjs-jsforce/lib/common/jsforce.decorator.ts","statementMap":{"0":{"start":{"line":2,"column":0},"end":{"line":2,"column":62}},"1":{"start":{"line":3,"column":0},"end":{"line":3,"column":31}},"2":{"start":{"line":4,"column":17},"end":{"line":4,"column":42}},"3":{"start":{"line":5,"column":27},"end":{"line":5,"column":56}},"4":{"start":{"line":7,"column":4},"end":{"line":7,"column":66}},"5":{"start":{"line":9,"column":0},"end":{"line":9,"column":38}}},"fnMap":{"0":{"name":"InjectJsForce","decl":{"start":{"line":6,"column":9},"end":{"line":6,"column":22}},"loc":{"start":{"line":6,"column":25},"end":{"line":8,"column":1}},"line":6}},"branchMap":{},"s":{"0":1,"1":1,"2":1,"3":1,"4":0,"5":1},"f":{"0":0},"b":{},"inputSourceMap":null,"_coverageSchema":"1a1c01bbd47fc00a2c39e90264f33305004495a9","hash":"67575df70dd26a26240dd8cd1be09c371a580e42"}
,"/Users/dhardy/Projects/npm/2021/nestjs-jsforce/lib/common/jsforce.util.ts": {"path":"/Users/dhardy/Projects/npm/2021/nestjs-jsforce/lib/common/jsforce.util.ts","statementMap":{"0":{"start":{"line":2,"column":0},"end":{"line":2,"column":62}},"1":{"start":{"line":3,"column":0},"end":{"line":3,"column":37}},"2":{"start":{"line":4,"column":17},"end":{"line":4,"column":37}},"3":{"start":{"line":6,"column":19},"end":{"line":6,"column":47}},"4":{"start":{"line":7,"column":4},"end":{"line":7,"column":18}},"5":{"start":{"line":9,"column":0},"end":{"line":9,"column":50}}},"fnMap":{"0":{"name":"createJsForceClient","decl":{"start":{"line":5,"column":9},"end":{"line":5,"column":28}},"loc":{"start":{"line":5,"column":38},"end":{"line":8,"column":1}},"line":5}},"branchMap":{},"s":{"0":1,"1":1,"2":1,"3":4,"4":4,"5":1},"f":{"0":4},"b":{},"inputSourceMap":null,"_coverageSchema":"1a1c01bbd47fc00a2c39e90264f33305004495a9","hash":"98ced82e7585b18994490a5d7716292917f022ca"}
,"/Users/dhardy/Projects/npm/2021/nestjs-jsforce/lib/providers/index.ts": {"path":"/Users/dhardy/Projects/npm/2021/nestjs-jsforce/lib/providers/index.ts","statementMap":{"0":{"start":{"line":2,"column":22},"end":{"line":8,"column":3}},"1":{"start":{"line":3,"column":4},"end":{"line":3,"column":33}},"2":{"start":{"line":3,"column":26},"end":{"line":3,"column":33}},"3":{"start":{"line":4,"column":4},"end":{"line":4,"column":89}},"4":{"start":{"line":4,"column":71},"end":{"line":4,"column":83}},"5":{"start":{"line":6,"column":4},"end":{"line":6,"column":33}},"6":{"start":{"line":6,"column":26},"end":{"line":6,"column":33}},"7":{"start":{"line":7,"column":4},"end":{"line":7,"column":17}},"8":{"start":{"line":9,"column":19},"end":{"line":11,"column":1}},"9":{"start":{"line":10,"column":4},"end":{"line":10,"column":126}},"10":{"start":{"line":10,"column":21},"end":{"line":10,"column":126}},"11":{"start":{"line":10,"column":95},"end":{"line":10,"column":126}},"12":{"start":{"line":12,"column":0},"end":{"line":12,"column":62}},"13":{"start":{"line":13,"column":0},"end":{"line":13,"column":54}}},"fnMap":{"0":{"name":"(anonymous_0)","decl":{"start":{"line":2,"column":74},"end":{"line":2,"column":75}},"loc":{"start":{"line":2,"column":96},"end":{"line":5,"column":1}},"line":2},"1":{"name":"(anonymous_1)","decl":{"start":{"line":4,"column":58},"end":{"line":4,"column":59}},"loc":{"start":{"line":4,"column":69},"end":{"line":4,"column":85}},"line":4},"2":{"name":"(anonymous_2)","decl":{"start":{"line":5,"column":6},"end":{"line":5,"column":7}},"loc":{"start":{"line":5,"column":28},"end":{"line":8,"column":1}},"line":5},"3":{"name":"(anonymous_3)","decl":{"start":{"line":9,"column":50},"end":{"line":9,"column":51}},"loc":{"start":{"line":9,"column":71},"end":{"line":11,"column":1}},"line":9}},"branchMap":{"0":{"loc":{"start":{"line":2,"column":22},"end":{"line":8,"column":3}},"type":"binary-expr","locations":[{"start":{"line":2,"column":23},"end":{"line":2,"column":27}},{"start":{"line":2,"column":31},"end":{"line":2,"column":51}},{"start":{"line":2,"column":57},"end":{"line":8,"column":2}}],"line":2},"1":{"loc":{"start":{"line":2,"column":57},"end":{"line":8,"column":2}},"type":"cond-expr","locations":[{"start":{"line":2,"column":74},"end":{"line":5,"column":1}},{"start":{"line":5,"column":6},"end":{"line":8,"column":1}}],"line":2},"2":{"loc":{"start":{"line":3,"column":4},"end":{"line":3,"column":33}},"type":"if","locations":[{"start":{"line":3,"column":4},"end":{"line":3,"column":33}},{"start":{},"end":{}}],"line":3},"3":{"loc":{"start":{"line":6,"column":4},"end":{"line":6,"column":33}},"type":"if","locations":[{"start":{"line":6,"column":4},"end":{"line":6,"column":33}},{"start":{},"end":{}}],"line":6},"4":{"loc":{"start":{"line":9,"column":19},"end":{"line":11,"column":1}},"type":"binary-expr","locations":[{"start":{"line":9,"column":20},"end":{"line":9,"column":24}},{"start":{"line":9,"column":28},"end":{"line":9,"column":45}},{"start":{"line":9,"column":50},"end":{"line":11,"column":1}}],"line":9},"5":{"loc":{"start":{"line":10,"column":21},"end":{"line":10,"column":126}},"type":"if","locations":[{"start":{"line":10,"column":21},"end":{"line":10,"column":126}},{"start":{},"end":{}}],"line":10},"6":{"loc":{"start":{"line":10,"column":25},"end":{"line":10,"column":93}},"type":"binary-expr","locations":[{"start":{"line":10,"column":25},"end":{"line":10,"column":40}},{"start":{"line":10,"column":44},"end":{"line":10,"column":93}}],"line":10}},"s":{"0":1,"1":1,"2":1,"3":1,"4":2,"5":0,"6":0,"7":0,"8":1,"9":1,"10":1,"11":1,"12":1,"13":1},"f":{"0":1,"1":2,"2":0,"3":1},"b":{"0":[1,1,1],"1":[1,0],"2":[1,0],"3":[0,0],"4":[1,1,1],"5":[1,0],"6":[1,1]},"inputSourceMap":null,"_coverageSchema":"1a1c01bbd47fc00a2c39e90264f33305004495a9","hash":"dea991a585372432b06ac84fcb960882144029ca"}
,"/Users/dhardy/Projects/npm/2021/nestjs-jsforce/lib/providers/jsforce.providers.ts": {"path":"/Users/dhardy/Projects/npm/2021/nestjs-jsforce/lib/providers/jsforce.providers.ts","statementMap":{"0":{"start":{"line":2,"column":0},"end":{"line":2,"column":62}},"1":{"start":{"line":3,"column":0},"end":{"line":3,"column":40}},"2":{"start":{"line":4,"column":17},"end":{"line":4,"column":37}},"3":{"start":{"line":6,"column":4},"end":{"line":9,"column":6}},"4":{"start":{"line":11,"column":0},"end":{"line":11,"column":56}}},"fnMap":{"0":{"name":"createJsForceProviders","decl":{"start":{"line":5,"column":9},"end":{"line":5,"column":31}},"loc":{"start":{"line":5,"column":41},"end":{"line":10,"column":1}},"line":5}},"branchMap":{},"s":{"0":1,"1":1,"2":1,"3":2,"4":1},"f":{"0":2},"b":{},"inputSourceMap":null,"_coverageSchema":"1a1c01bbd47fc00a2c39e90264f33305004495a9","hash":"bebf92f80f114b703d6586dfce05ef5018c4e5ea"}
}
