{"/Users/dhardy/Projects/npm/nestjs_force/lib/client.ts": {"path":"/Users/dhardy/Projects/npm/nestjs_force/lib/client.ts","statementMap":{"0":{"start":{"line":1,"column":0},"end":{"line":1,"column":35}},"1":{"start":{"line":9,"column":8},"end":{"line":9,"column":59}},"2":{"start":{"line":11,"column":8},"end":{"line":11,"column":97}},"3":{"start":{"line":15,"column":8},"end":{"line":18,"column":null}},"4":{"start":{"line":16,"column":12},"end":{"line":16,"column":39}},"5":{"start":{"line":17,"column":12},"end":{"line":17,"column":61}},"6":{"start":{"line":19,"column":8},"end":{"line":23,"column":10}},"7":{"start":{"line":21,"column":16},"end":{"line":21,"column":27}},"8":{"start":{"line":27,"column":8},"end":{"line":27,"column":40}},"9":{"start":{"line":4,"column":0},"end":{"line":4,"column":13}}},"fnMap":{"0":{"name":"(anonymous_7)","decl":{"start":{"line":8,"column":4},"end":{"line":8,"column":16}},"loc":{"start":{"line":8,"column":44},"end":{"line":12,"column":5}}},"1":{"name":"(anonymous_8)","decl":{"start":{"line":14,"column":10},"end":{"line":14,"column":14}},"loc":{"start":{"line":14,"column":129},"end":{"line":24,"column":null}}},"2":{"name":"(anonymous_10)","decl":{"start":{"line":20,"column":12},"end":{"line":20,"column":13}},"loc":{"start":{"line":20,"column":20},"end":{"line":22,"column":13}}},"3":{"name":"(anonymous_11)","decl":{"start":{"line":26,"column":10},"end":{"line":26,"column":16}},"loc":{"start":{"line":26,"column":78},"end":{"line":28,"column":null}}}},"branchMap":{"0":{"loc":{"start":{"line":15,"column":8},"end":{"line":18,"column":null}},"type":"if","locations":[{"start":{"line":15,"column":8},"end":{"line":18,"column":null}},{"start":{"line":15,"column":8},"end":{"line":18,"column":null}}]}},"s":{"0":2,"1":3,"2":3,"3":3,"4":1,"5":1,"6":3,"7":1,"8":0,"9":2},"f":{"0":3,"1":3,"2":1,"3":0},"b":{"0":[1,2]}}
,"/Users/dhardy/Projects/npm/nestjs_force/lib/jsforce-core.module.ts": {"path":"/Users/dhardy/Projects/npm/nestjs_force/lib/jsforce-core.module.ts","statementMap":{"0":{"start":{"line":1,"column":0},"end":{"line":1,"column":79}},"1":{"start":{"line":3,"column":0},"end":{"line":3,"column":53}},"2":{"start":{"line":4,"column":0},"end":{"line":4,"column":86}},"3":{"start":{"line":8,"column":30},"end":{"line":71,"column":null}},"4":{"start":{"line":11,"column":25},"end":{"line":11,"column":56}},"5":{"start":{"line":13,"column":8},"end":{"line":17,"column":10}},"6":{"start":{"line":21,"column":35},"end":{"line":25,"column":10}},"7":{"start":{"line":24,"column":59},"end":{"line":24,"column":87}},"8":{"start":{"line":27,"column":8},"end":{"line":32,"column":10}},"9":{"start":{"line":38,"column":8},"end":{"line":40,"column":null}},"10":{"start":{"line":39,"column":12},"end":{"line":39,"column":62}},"11":{"start":{"line":41,"column":25},"end":{"line":41,"column":78}},"12":{"start":{"line":42,"column":8},"end":{"line":48,"column":10}},"13":{"start":{"line":54,"column":8},"end":{"line":60,"column":null}},"14":{"start":{"line":55,"column":12},"end":{"line":59,"column":14}},"15":{"start":{"line":61,"column":23},"end":{"line":63,"column":10}},"16":{"start":{"line":64,"column":8},"end":{"line":69,"column":10}},"17":{"start":{"line":66,"column":78},"end":{"line":67,"column":null}},"18":{"start":{"line":67,"column":16},"end":{"line":67,"column":null}},"19":{"start":{"line":8,"column":13},"end":{"line":71,"column":null}},"20":{"start":{"line":8,"column":13},"end":{"line":8,"column":30}}},"fnMap":{"0":{"name":"(anonymous_8)","decl":{"start":{"line":10,"column":11},"end":{"line":10,"column":17}},"loc":{"start":{"line":10,"column":55},"end":{"line":18,"column":5}}},"1":{"name":"(anonymous_9)","decl":{"start":{"line":20,"column":11},"end":{"line":20,"column":17}},"loc":{"start":{"line":20,"column":65},"end":{"line":33,"column":5}}},"2":{"name":"(anonymous_10)","decl":{"start":{"line":24,"column":24},"end":{"line":24,"column":25}},"loc":{"start":{"line":24,"column":59},"end":{"line":24,"column":87}}},"3":{"name":"(anonymous_11)","decl":{"start":{"line":35,"column":12},"end":{"line":35,"column":18}},"loc":{"start":{"line":36,"column":42},"end":{"line":49,"column":5}}},"4":{"name":"(anonymous_12)","decl":{"start":{"line":51,"column":12},"end":{"line":51,"column":18}},"loc":{"start":{"line":52,"column":42},"end":{"line":70,"column":5}}},"5":{"name":"(anonymous_13)","decl":{"start":{"line":66,"column":24},"end":{"line":66,"column":31}},"loc":{"start":{"line":66,"column":78},"end":{"line":67,"column":null}}},"6":{"name":"(anonymous_14)","decl":{"start":{"line":66,"column":78},"end":{"line":66,"column":null}},"loc":{"start":{"line":66,"column":78},"end":{"line":67,"column":null}}}},"branchMap":{"0":{"loc":{"start":{"line":38,"column":8},"end":{"line":40,"column":null}},"type":"if","locations":[{"start":{"line":38,"column":8},"end":{"line":40,"column":null}},{"start":{"line":38,"column":8},"end":{"line":40,"column":null}}]},"1":{"loc":{"start":{"line":38,"column":12},"end":{"line":38,"column":31}},"type":"binary-expr","locations":[{"start":{"line":38,"column":12},"end":{"line":38,"column":31}},{"start":{"line":38,"column":35},"end":{"line":38,"column":53}}]},"2":{"loc":{"start":{"line":54,"column":8},"end":{"line":60,"column":null}},"type":"if","locations":[{"start":{"line":54,"column":8},"end":{"line":60,"column":null}},{"start":{"line":54,"column":8},"end":{"line":60,"column":null}}]},"3":{"loc":{"start":{"line":56,"column":24},"end":{"line":56,"column":38}},"type":"binary-expr","locations":[{"start":{"line":56,"column":24},"end":{"line":56,"column":38}},{"start":{"line":56,"column":42},"end":{"line":56,"column":44}}]},"4":{"loc":{"start":{"line":62,"column":13},"end":{"line":62,"column":29}},"type":"binary-expr","locations":[{"start":{"line":62,"column":13},"end":{"line":62,"column":29}},{"start":{"line":62,"column":33},"end":{"line":62,"column":52}}]}},"s":{"0":1,"1":1,"2":1,"3":1,"4":1,"5":1,"6":1,"7":0,"8":1,"9":1,"10":1,"11":0,"12":0,"13":1,"14":1,"15":0,"16":0,"17":0,"18":0,"19":1,"20":1},"f":{"0":1,"1":1,"2":0,"3":1,"4":1,"5":0,"6":0},"b":{"0":[1,0],"1":[1,1],"2":[1,0],"3":[1,1],"4":[0,0]}}
,"/Users/dhardy/Projects/npm/nestjs_force/lib/jsforce.module.ts": {"path":"/Users/dhardy/Projects/npm/nestjs_force/lib/jsforce.module.ts","statementMap":{"0":{"start":{"line":1,"column":0},"end":{"line":1,"column":55}},"1":{"start":{"line":3,"column":0},"end":{"line":3,"column":58}},"2":{"start":{"line":7,"column":26},"end":{"line":21,"column":null}},"3":{"start":{"line":9,"column":8},"end":{"line":12,"column":10}},"4":{"start":{"line":16,"column":8},"end":{"line":19,"column":10}},"5":{"start":{"line":7,"column":13},"end":{"line":21,"column":null}},"6":{"start":{"line":7,"column":13},"end":{"line":7,"column":26}}},"fnMap":{"0":{"name":"(anonymous_1)","decl":{"start":{"line":8,"column":11},"end":{"line":8,"column":17}},"loc":{"start":{"line":8,"column":55},"end":{"line":13,"column":5}}},"1":{"name":"(anonymous_2)","decl":{"start":{"line":15,"column":11},"end":{"line":15,"column":17}},"loc":{"start":{"line":15,"column":65},"end":{"line":20,"column":5}}}},"branchMap":{},"s":{"0":1,"1":1,"2":1,"3":1,"4":1,"5":1,"6":1},"f":{"0":1,"1":1},"b":{}}
,"/Users/dhardy/Projects/npm/nestjs_force/lib/common/index.ts": {"path":"/Users/dhardy/Projects/npm/nestjs_force/lib/common/index.ts","statementMap":{"0":{"start":{"line":1,"column":0},"end":{"line":1,"column":35}},"1":{"start":{"line":3,"column":0},"end":{"line":3,"column":31}}},"fnMap":{},"branchMap":{},"s":{"0":1,"1":1},"f":{},"b":{}}
,"/Users/dhardy/Projects/npm/nestjs_force/lib/common/jsforce.contants.ts": {"path":"/Users/dhardy/Projects/npm/nestjs_force/lib/common/jsforce.contants.ts","statementMap":{"0":{"start":{"line":1,"column":13},"end":{"line":1,"column":61}},"1":{"start":{"line":2,"column":13},"end":{"line":2,"column":44}}},"fnMap":{},"branchMap":{},"s":{"0":1,"1":1},"f":{},"b":{}}
,"/Users/dhardy/Projects/npm/nestjs_force/lib/common/jsforce.util.ts": {"path":"/Users/dhardy/Projects/npm/nestjs_force/lib/common/jsforce.util.ts","statementMap":{"0":{"start":{"line":2,"column":0},"end":{"line":2,"column":35}},"1":{"start":{"line":5,"column":19},"end":{"line":5,"column":38}},"2":{"start":{"line":6,"column":4},"end":{"line":6,"column":18}},"3":{"start":{"line":4,"column":0},"end":{"line":4,"column":16}}},"fnMap":{"0":{"name":"createJsForceClient","decl":{"start":{"line":4,"column":16},"end":{"line":4,"column":35}},"loc":{"start":{"line":4,"column":65},"end":{"line":7,"column":1}}}},"branchMap":{},"s":{"0":1,"1":1,"2":1,"3":1},"f":{"0":1},"b":{}}
,"/Users/dhardy/Projects/npm/nestjs_force/lib/providers/index.ts": {"path":"/Users/dhardy/Projects/npm/nestjs_force/lib/providers/index.ts","statementMap":{"0":{"start":{"line":1,"column":0},"end":{"line":1,"column":36}}},"fnMap":{},"branchMap":{},"s":{"0":1},"f":{},"b":{}}
,"/Users/dhardy/Projects/npm/nestjs_force/lib/providers/jsforce.providers.ts": {"path":"/Users/dhardy/Projects/npm/nestjs_force/lib/providers/jsforce.providers.ts","statementMap":{"0":{"start":{"line":2,"column":0},"end":{"line":2,"column":63}},"1":{"start":{"line":5,"column":4},"end":{"line":8,"column":null}},"2":{"start":{"line":4,"column":0},"end":{"line":4,"column":16}}},"fnMap":{"0":{"name":"createJsForceProviders","decl":{"start":{"line":4,"column":16},"end":{"line":4,"column":38}},"loc":{"start":{"line":4,"column":68},"end":{"line":9,"column":1}}}},"branchMap":{},"s":{"0":1,"1":1,"2":1},"f":{"0":1},"b":{}}
}
