TN:
SF:/Users/dhardy/Projects/npm/nestjs_force/lib/client.ts
FN:8,(anonymous_7)
FN:14,(anonymous_8)
FN:20,(anonymous_10)
FN:26,(anonymous_11)
FNF:4
FNH:3
FNDA:3,(anonymous_7)
FNDA:3,(anonymous_8)
FNDA:1,(anonymous_10)
FNDA:0,(anonymous_11)
DA:1,2
DA:4,2
DA:9,3
DA:11,3
DA:15,3
DA:16,1
DA:17,1
DA:19,3
DA:21,1
DA:27,0
LF:10
LH:9
BRDA:15,0,0,1
BRDA:15,0,1,2
BRF:2
BRH:2
end_of_record
TN:
SF:/Users/dhardy/Projects/npm/nestjs_force/lib/jsforce-core.module.ts
FN:10,(anonymous_8)
FN:20,(anonymous_9)
FN:24,(anonymous_10)
FN:35,(anonymous_11)
FN:51,(anonymous_12)
FN:66,(anonymous_13)
FN:66,(anonymous_14)
FNF:7
FNH:4
FNDA:1,(anonymous_8)
FNDA:1,(anonymous_9)
FNDA:0,(anonymous_10)
FNDA:1,(anonymous_11)
FNDA:1,(anonymous_12)
FNDA:0,(anonymous_13)
FNDA:0,(anonymous_14)
DA:1,1
DA:3,1
DA:4,1
DA:8,1
DA:11,1
DA:13,1
DA:21,1
DA:24,0
DA:27,1
DA:38,1
DA:39,1
DA:41,0
DA:42,0
DA:54,1
DA:55,1
DA:61,0
DA:64,0
DA:66,0
DA:67,0
LF:19
LH:12
BRDA:38,0,0,1
BRDA:38,0,1,0
BRDA:38,1,0,1
BRDA:38,1,1,1
BRDA:54,2,0,1
BRDA:54,2,1,0
BRDA:56,3,0,1
BRDA:56,3,1,1
BRDA:62,4,0,0
BRDA:62,4,1,0
BRF:10
BRH:6
end_of_record
TN:
SF:/Users/dhardy/Projects/npm/nestjs_force/lib/jsforce.module.ts
FN:8,(anonymous_1)
FN:15,(anonymous_2)
FNF:2
FNH:2
FNDA:1,(anonymous_1)
FNDA:1,(anonymous_2)
DA:1,1
DA:3,1
DA:7,1
DA:9,1
DA:16,1
LF:5
LH:5
BRF:0
BRH:0
end_of_record
TN:
SF:/Users/dhardy/Projects/npm/nestjs_force/lib/common/index.ts
FNF:0
FNH:0
DA:1,1
DA:3,1
LF:2
LH:2
BRF:0
BRH:0
end_of_record
TN:
SF:/Users/dhardy/Projects/npm/nestjs_force/lib/common/jsforce.contants.ts
FNF:0
FNH:0
DA:1,1
DA:2,1
LF:2
LH:2
BRF:0
BRH:0
end_of_record
TN:
SF:/Users/dhardy/Projects/npm/nestjs_force/lib/common/jsforce.util.ts
FN:4,createJsForceClient
FNF:1
FNH:1
FNDA:1,createJsForceClient
DA:2,1
DA:4,1
DA:5,1
DA:6,1
LF:4
LH:4
BRF:0
BRH:0
end_of_record
TN:
SF:/Users/dhardy/Projects/npm/nestjs_force/lib/providers/index.ts
FNF:0
FNH:0
DA:1,1
LF:1
LH:1
BRF:0
BRH:0
end_of_record
TN:
SF:/Users/dhardy/Projects/npm/nestjs_force/lib/providers/jsforce.providers.ts
FN:4,createJsForceProviders
FNF:1
FNH:1
FNDA:1,createJsForceProviders
DA:2,1
DA:4,1
DA:5,1
LF:3
LH:3
BRF:0
BRH:0
end_of_record
