TN:
SF:lib/client.ts
FN:2,(anonymous_0)
FN:3,adopt
FN:3,(anonymous_2)
FN:4,(anonymous_3)
FN:5,fulfilled
FN:6,rejected
FN:7,step
FN:15,(anonymous_7)
FN:19,(anonymous_8)
FN:20,(anonymous_9)
FN:24,(anonymous_10)
FN:29,(anonymous_11)
FN:30,(anonymous_12)
FNF:13
FNH:10
FNDA:6,(anonymous_0)
FNDA:6,adopt
FNDA:6,(anonymous_2)
FNDA:6,(anonymous_3)
FNDA:2,fulfilled
FNDA:0,rejected
FNDA:8,step
FNDA:6,(anonymous_7)
FNDA:6,(anonymous_8)
FNDA:6,(anonymous_9)
FNDA:1,(anonymous_10)
FNDA:0,(anonymous_11)
FNDA:0,(anonymous_12)
DA:2,2
DA:3,6
DA:4,6
DA:5,2
DA:6,0
DA:7,8
DA:8,6
DA:11,2
DA:12,2
DA:13,2
DA:16,6
DA:17,6
DA:20,6
DA:21,6
DA:22,1
DA:24,6
DA:25,1
DA:30,0
DA:31,0
DA:35,2
LF:20
LH:17
BRDA:2,0,0,2
BRDA:2,0,1,2
BRDA:2,0,2,2
BRDA:3,1,0,0
BRDA:3,1,1,6
BRDA:4,2,0,6
BRDA:4,2,1,6
BRDA:7,3,0,2
BRDA:7,3,1,6
BRDA:8,4,0,6
BRDA:8,4,1,6
BRDA:21,5,0,1
BRDA:21,5,1,5
BRF:13
BRH:12
end_of_record
TN:
SF:lib/jsforce-core.module.ts
FN:2,(anonymous_0)
FN:8,(anonymous_1)
FN:9,adopt
FN:9,(anonymous_3)
FN:10,(anonymous_4)
FN:11,fulfilled
FN:12,rejected
FN:13,step
FN:24,(anonymous_8)
FN:32,(anonymous_9)
FN:36,(anonymous_10)
FN:45,(anonymous_11)
FN:58,(anonymous_12)
FN:71,(anonymous_13)
FN:71,(anonymous_14)
FNF:15
FNH:14
FNDA:1,(anonymous_0)
FNDA:1,(anonymous_1)
FNDA:1,adopt
FNDA:1,(anonymous_3)
FNDA:1,(anonymous_4)
FNDA:1,fulfilled
FNDA:0,rejected
FNDA:2,step
FNDA:2,(anonymous_8)
FNDA:3,(anonymous_9)
FNDA:2,(anonymous_10)
FNDA:3,(anonymous_11)
FNDA:3,(anonymous_12)
FNDA:1,(anonymous_13)
FNDA:1,(anonymous_14)
DA:2,1
DA:3,1
DA:4,1
DA:5,0
DA:6,1
DA:8,1
DA:9,1
DA:10,1
DA:11,1
DA:12,0
DA:13,2
DA:14,1
DA:18,1
DA:19,1
DA:20,1
DA:21,1
DA:22,1
DA:23,1
DA:25,2
DA:26,2
DA:33,3
DA:36,2
DA:38,3
DA:46,3
DA:47,2
DA:49,1
DA:50,1
DA:59,3
DA:60,2
DA:66,1
DA:69,1
DA:71,1
DA:76,1
DA:80,1
LF:34
LH:32
BRDA:2,0,0,1
BRDA:2,0,1,1
BRDA:2,0,2,1
BRDA:3,1,0,1
BRDA:3,1,1,0
BRDA:3,2,0,0
BRDA:3,2,1,0
BRDA:4,3,0,1
BRDA:4,3,1,0
BRDA:4,4,0,1
BRDA:4,4,1,1
BRDA:5,5,0,0
BRDA:5,5,1,0
BRDA:5,6,0,0
BRDA:5,6,1,0
BRDA:5,7,0,0
BRDA:5,7,1,0
BRDA:5,8,0,0
BRDA:5,8,1,0
BRDA:6,9,0,1
BRDA:6,9,1,0
BRDA:6,9,2,0
BRDA:8,10,0,1
BRDA:8,10,1,1
BRDA:8,10,2,1
BRDA:9,11,0,0
BRDA:9,11,1,1
BRDA:10,12,0,1
BRDA:10,12,1,1
BRDA:13,13,0,1
BRDA:13,13,1,1
BRDA:14,14,0,1
BRDA:14,14,1,1
BRDA:46,15,0,2
BRDA:46,15,1,1
BRDA:46,16,0,3
BRDA:46,16,1,3
BRDA:59,17,0,2
BRDA:59,17,1,1
BRDA:61,18,0,2
BRDA:61,18,1,2
BRDA:67,19,0,1
BRDA:67,19,1,0
BRF:43
BRH:27
end_of_record
TN:
SF:lib/jsforce.module.ts
FN:2,(anonymous_0)
FN:14,(anonymous_1)
FN:20,(anonymous_2)
FNF:3
FNH:3
FNDA:1,(anonymous_0)
FNDA:2,(anonymous_1)
FNDA:3,(anonymous_2)
DA:2,1
DA:3,1
DA:4,1
DA:5,0
DA:6,1
DA:9,1
DA:10,1
DA:11,1
DA:12,1
DA:13,1
DA:15,2
DA:21,3
DA:27,1
DA:30,1
LF:14
LH:13
BRDA:2,0,0,1
BRDA:2,0,1,1
BRDA:2,0,2,1
BRDA:3,1,0,1
BRDA:3,1,1,0
BRDA:3,2,0,0
BRDA:3,2,1,0
BRDA:4,3,0,1
BRDA:4,3,1,0
BRDA:4,4,0,1
BRDA:4,4,1,1
BRDA:5,5,0,0
BRDA:5,5,1,0
BRDA:5,6,0,0
BRDA:5,6,1,0
BRDA:5,7,0,0
BRDA:5,7,1,0
BRDA:5,8,0,0
BRDA:5,8,1,0
BRDA:6,9,0,1
BRDA:6,9,1,0
BRDA:6,9,2,0
BRF:22
BRH:8
end_of_record
TN:
SF:lib/common/index.ts
FN:2,(anonymous_0)
FN:4,(anonymous_1)
FN:5,(anonymous_2)
FN:9,(anonymous_3)
FNF:4
FNH:3
FNDA:4,(anonymous_0)
FNDA:18,(anonymous_1)
FNDA:0,(anonymous_2)
FNDA:3,(anonymous_3)
DA:2,1
DA:3,4
DA:4,18
DA:6,0
DA:7,0
DA:9,1
DA:10,4
DA:12,1
DA:13,1
DA:14,1
DA:15,1
LF:11
LH:9
BRDA:2,0,0,1
BRDA:2,0,1,1
BRDA:2,0,2,1
BRDA:2,1,0,1
BRDA:2,1,1,0
BRDA:3,2,0,4
BRDA:3,2,1,0
BRDA:6,3,0,0
BRDA:6,3,1,0
BRDA:9,4,0,1
BRDA:9,4,1,1
BRDA:9,4,2,1
BRDA:10,5,0,4
BRDA:10,5,1,0
BRDA:10,6,0,4
BRDA:10,6,1,4
BRF:16
BRH:11
end_of_record
TN:
SF:lib/common/jsforce.contants.ts
FNF:0
FNH:0
DA:2,1
DA:3,1
DA:4,1
DA:5,1
LF:4
LH:4
BRF:0
BRH:0
end_of_record
TN:
SF:lib/common/jsforce.decorator.ts
FN:6,InjectJsForce
FNF:1
FNH:0
FNDA:0,InjectJsForce
DA:2,1
DA:3,1
DA:4,1
DA:5,1
DA:7,0
DA:9,1
LF:6
LH:5
BRF:0
BRH:0
end_of_record
TN:
SF:lib/common/jsforce.util.ts
FN:5,createJsForceClient
FNF:1
FNH:1
FNDA:4,createJsForceClient
DA:2,1
DA:3,1
DA:4,1
DA:6,4
DA:7,4
DA:9,1
LF:6
LH:6
BRF:0
BRH:0
end_of_record
TN:
SF:lib/providers/index.ts
FN:2,(anonymous_0)
FN:4,(anonymous_1)
FN:5,(anonymous_2)
FN:9,(anonymous_3)
FNF:4
FNH:3
FNDA:1,(anonymous_0)
FNDA:2,(anonymous_1)
FNDA:0,(anonymous_2)
FNDA:1,(anonymous_3)
DA:2,1
DA:3,1
DA:4,2
DA:6,0
DA:7,0
DA:9,1
DA:10,1
DA:12,1
DA:13,1
LF:9
LH:7
BRDA:2,0,0,1
BRDA:2,0,1,1
BRDA:2,0,2,1
BRDA:2,1,0,1
BRDA:2,1,1,0
BRDA:3,2,0,1
BRDA:3,2,1,0
BRDA:6,3,0,0
BRDA:6,3,1,0
BRDA:9,4,0,1
BRDA:9,4,1,1
BRDA:9,4,2,1
BRDA:10,5,0,1
BRDA:10,5,1,0
BRDA:10,6,0,1
BRDA:10,6,1,1
BRF:16
BRH:11
end_of_record
TN:
SF:lib/providers/jsforce.providers.ts
FN:5,createJsForceProviders
FNF:1
FNH:1
FNDA:2,createJsForceProviders
DA:2,1
DA:3,1
DA:4,1
DA:6,2
DA:11,1
LF:5
LH:5
BRF:0
BRH:0
end_of_record
